2018-01-16 18:40:55 [-][-][-][error][yii\db\Exception] exception 'PDOException' with message 'SQLSTATE[HY000] [1049] Unknown database 'yii2advanced'' in /home/ubuntu/workspace/vendor/yiisoft/yii2/db/Connection.php:660
Stack trace:
#0 /home/ubuntu/workspace/vendor/yiisoft/yii2/db/Connection.php(660): PDO->__construct('mysql:host=loca...', 'root', '', NULL)
#1 /home/ubuntu/workspace/vendor/yiisoft/yii2/db/Connection.php(586): yii\db\Connection->createPdoInstance()
#2 /home/ubuntu/workspace/vendor/yiisoft/yii2/db/Connection.php(943): yii\db\Connection->open()
#3 /home/ubuntu/workspace/vendor/yiisoft/yii2/db/Connection.php(930): yii\db\Connection->getMasterPdo()
#4 /home/ubuntu/workspace/vendor/yiisoft/yii2/db/Command.php(243): yii\db\Connection->getSlavePdo()
#5 /home/ubuntu/workspace/vendor/yiisoft/yii2/db/Command.php(1062): yii\db\Command->prepare(true)
#6 /home/ubuntu/workspace/vendor/yiisoft/yii2/db/Command.php(386): yii\db\Command->queryInternal('fetchAll', NULL)
#7 /home/ubuntu/workspace/vendor/yiisoft/yii2/db/mysql/Schema.php(320): yii\db\Command->queryAll()
#8 /home/ubuntu/workspace/vendor/yiisoft/yii2/db/mysql/Schema.php(111): yii\db\mysql\Schema->findColumns(Object(yii\db\TableSchema))
#9 /home/ubuntu/workspace/vendor/yiisoft/yii2/db/Schema.php(662): yii\db\mysql\Schema->loadTableSchema('migration')
#10 /home/ubuntu/workspace/vendor/yiisoft/yii2/db/Schema.php(173): yii\db\Schema->getTableMetadata('{{%migration}}', 'schema', true)
#11 /home/ubuntu/workspace/vendor/yiisoft/yii2/console/controllers/MigrateController.php(204): yii\db\Schema->getTableSchema('{{%migration}}', true)
#12 /home/ubuntu/workspace/vendor/yiisoft/yii2/console/controllers/BaseMigrateController.php(875): yii\console\controllers\MigrateController->getMigrationHistory(NULL)
#13 /home/ubuntu/workspace/vendor/yiisoft/yii2/console/controllers/BaseMigrateController.php(166): yii\console\controllers\BaseMigrateController->getNewMigrations()
#14 [internal function]: yii\console\controllers\BaseMigrateController->actionUp(0)
#15 /home/ubuntu/workspace/vendor/yiisoft/yii2/base/InlineAction.php(57): call_user_func_array(Array, Array)
#16 /home/ubuntu/workspace/vendor/yiisoft/yii2/base/Controller.php(157): yii\base\InlineAction->runWithParams(Array)
#17 /home/ubuntu/workspace/vendor/yiisoft/yii2/console/Controller.php(135): yii\base\Controller->runAction('', Array)
#18 /home/ubuntu/workspace/vendor/yiisoft/yii2/base/Module.php(528): yii\console\Controller->runAction('', Array)
#19 /home/ubuntu/workspace/vendor/yiisoft/yii2/console/Application.php(180): yii\base\Module->runAction('migrate', Array)
#20 /home/ubuntu/workspace/vendor/yiisoft/yii2/console/Application.php(147): yii\console\Application->runAction('migrate', Array)
#21 /home/ubuntu/workspace/vendor/yiisoft/yii2/base/Application.php(386): yii\console\Application->handleRequest(Object(yii\console\Request))
#22 /home/ubuntu/workspace/yii(27): yii\base\Application->run()
#23 {main}

Next exception 'yii\db\Exception' with message 'SQLSTATE[HY000] [1049] Unknown database 'yii2advanced'' in /home/ubuntu/workspace/vendor/yiisoft/yii2/db/Connection.php:597
Stack trace:
#0 /home/ubuntu/workspace/vendor/yiisoft/yii2/db/Connection.php(943): yii\db\Connection->open()
#1 /home/ubuntu/workspace/vendor/yiisoft/yii2/db/Connection.php(930): yii\db\Connection->getMasterPdo()
#2 /home/ubuntu/workspace/vendor/yiisoft/yii2/db/Command.php(243): yii\db\Connection->getSlavePdo()
#3 /home/ubuntu/workspace/vendor/yiisoft/yii2/db/Command.php(1062): yii\db\Command->prepare(true)
#4 /home/ubuntu/workspace/vendor/yiisoft/yii2/db/Command.php(386): yii\db\Command->queryInternal('fetchAll', NULL)
#5 /home/ubuntu/workspace/vendor/yiisoft/yii2/db/mysql/Schema.php(320): yii\db\Command->queryAll()
#6 /home/ubuntu/workspace/vendor/yiisoft/yii2/db/mysql/Schema.php(111): yii\db\mysql\Schema->findColumns(Object(yii\db\TableSchema))
#7 /home/ubuntu/workspace/vendor/yiisoft/yii2/db/Schema.php(662): yii\db\mysql\Schema->loadTableSchema('migration')
#8 /home/ubuntu/workspace/vendor/yiisoft/yii2/db/Schema.php(173): yii\db\Schema->getTableMetadata('{{%migration}}', 'schema', true)
#9 /home/ubuntu/workspace/vendor/yiisoft/yii2/console/controllers/MigrateController.php(204): yii\db\Schema->getTableSchema('{{%migration}}', true)
#10 /home/ubuntu/workspace/vendor/yiisoft/yii2/console/controllers/BaseMigrateController.php(875): yii\console\controllers\MigrateController->getMigrationHistory(NULL)
#11 /home/ubuntu/workspace/vendor/yiisoft/yii2/console/controllers/BaseMigrateController.php(166): yii\console\controllers\BaseMigrateController->getNewMigrations()
#12 [internal function]: yii\console\controllers\BaseMigrateController->actionUp(0)
#13 /home/ubuntu/workspace/vendor/yiisoft/yii2/base/InlineAction.php(57): call_user_func_array(Array, Array)
#14 /home/ubuntu/workspace/vendor/yiisoft/yii2/base/Controller.php(157): yii\base\InlineAction->runWithParams(Array)
#15 /home/ubuntu/workspace/vendor/yiisoft/yii2/console/Controller.php(135): yii\base\Controller->runAction('', Array)
#16 /home/ubuntu/workspace/vendor/yiisoft/yii2/base/Module.php(528): yii\console\Controller->runAction('', Array)
#17 /home/ubuntu/workspace/vendor/yiisoft/yii2/console/Application.php(180): yii\base\Module->runAction('migrate', Array)
#18 /home/ubuntu/workspace/vendor/yiisoft/yii2/console/Application.php(147): yii\console\Application->runAction('migrate', Array)
#19 /home/ubuntu/workspace/vendor/yiisoft/yii2/base/Application.php(386): yii\console\Application->handleRequest(Object(yii\console\Request))
#20 /home/ubuntu/workspace/yii(27): yii\base\Application->run()
#21 {main}
Additional Information:

2018-01-16 18:40:55 [-][-][-][info][application] $_SERVER = [
    'APACHE_PID_FILE' => '/home/ubuntu/lib/apache2/run/apache2.pid'
    'MANPATH' => '/home/ubuntu/.nvm/versions/node/v6.11.2/share/man:/usr/local/rvm/rubies/ruby-2.4.0/share/man:/usr/local/man:/usr/local/share/man:/usr/share/man:/usr/local/rvm/man'
    'rvm_bin_path' => '/usr/local/rvm/bin'
    'C9_SHARED' => '/mnt/shared'
    'C9_FULLNAME' => 'lutfi0711'
    'GEM_HOME' => '/usr/local/rvm/gems/ruby-2.4.0'
    'NVM_CD_FLAGS' => ''
    'APACHE_RUN_USER' => 'ubuntu'
    'SHELL' => '/bin/bash'
    'TERM' => 'xterm-256color'
    'IRBRC' => '/usr/local/rvm/rubies/ruby-2.4.0/.irbrc'
    'SSH_CLIENT' => '::ffff:10.240.1.135 46060 22'
    'ISOUTPUTPANE' => '0'
    'NVM_PATH' => '/home/ubuntu/.nvm/versions/node/v6.11.2/lib/node'
    'C9_PORT' => '8080'
    'METEOR_IP' => '0.0.0.0'
    'MY_RUBY_HOME' => '/usr/local/rvm/rubies/ruby-2.4.0'
    'PHPRC' => '/home/ubuntu/workspace'
    'LC_ALL' => 'C.UTF-8'
    'NVM_DIR' => '/home/ubuntu/.nvm'
    'USER' => 'ubuntu'
    'LD_LIBRARY_PATH' => '~/.c9/local/lib'
    '_system_type' => 'Linux'
    'rvm_path' => '/usr/local/rvm'
    'C9_UID' => '992780'
    'TMUX' => '/tmp/tmux-1000/cloud92.2,680,7'
    'C9_IP' => '0.0.0.0'
    'rvm_prefix' => '/usr/local'
    'APACHE_LOG_DIR' => '/home/ubuntu/lib/apache2/log'
    'PATH' => '/home/ubuntu/.nvm/versions/node/v6.11.2/bin:/usr/local/rvm/gems/ruby-2.4.0/bin:/usr/local/rvm/gems/ruby-2.4.0@global/bin:/usr/local/rvm/rubies/ruby-2.4.0/bin:/mnt/shared/bin:/home/ubuntu/workspace/node_modules/.bin:/home/ubuntu/bin:/usr/local/sbin:/usr/local/bin:/usr/sbin:/usr/bin:/sbin:/bin:/mnt/shared/sbin:/opt/gitl:/opt/go/bin:/mnt/shared/c9/app.nw/bin:/usr/local/rvm/bin'
    'C9_USER' => 'lutfi0711'
    'HGUSER' => 'lutfi0711'
    'NVM_NODEJS_ORG_MIRROR' => 'https://nodejs.org/dist'
    'PWD' => '/home/ubuntu/workspace'
    'APACHE_RUN_GROUP' => 'ubuntu'
    'LANG' => 'C'
    'NODE_PATH' => '/mnt/shared/lib/node_modules'
    '_system_arch' => 'x86_64'
    'TMUX_PANE' => '%7'
    '_system_version' => '14.04'
    'C9_SH_EXECUTED' => '1'
    'rvm_version' => '1.29.2 (latest)'
    'HOME' => '/home/ubuntu'
    'SHLVL' => '4'
    'C9_PID' => '5833458'
    'GOROOT' => '/opt/go'
    'LANGUAGE' => 'C.UTF-8'
    'C9_PROJECT' => 'sikosan'
    'LOGNAME' => 'ubuntu'
    'C9_EMAIL' => 'lutfi0711@yahoo.co.id'
    'GEM_PATH' => '/usr/local/rvm/gems/ruby-2.4.0:/usr/local/rvm/gems/ruby-2.4.0@global'
    'SSH_CONNECTION' => '::ffff:10.240.1.29 58658 ::ffff:172.17.0.10 22'
    'LESSOPEN' => '| /usr/bin/lesspipe %s'
    'GOPATH' => '/home/ubuntu/workspace'
    'NVM_BIN' => '/home/ubuntu/.nvm/versions/node/v6.11.2/bin'
    'EMAIL' => 'lutfi0711@yahoo.co.id'
    'NVM_IOJS_ORG_MIRROR' => 'https://iojs.org/dist'
    'PORT' => '8080'
    'METEOR_PORT' => '8080'
    'IP' => '0.0.0.0'
    'APACHE_LOCK_DIR' => '/home/ubuntu/lib/apache2/lock'
    'APACHE_RUN_DIR' => '/home/ubuntu/lib/apache2/run'
    'C9_HOSTNAME' => 'sikosan-lutfi0711.c9users.io'
    'LESSCLOSE' => '/usr/bin/lesspipe %s %s'
    'RUBY_VERSION' => 'ruby-2.4.0'
    'rvm_silence_path_mismatch_check_flag' => '1'
    '_system_name' => 'Ubuntu'
    'BASH_FUNC__gnomeopen%%' => '() {  if [ -e \"$@\" ]; then
 c9 \"$@\";
 return;
 fi;
 command xdg-open \"$@\"
}'
    'BASH_FUNC__xdgopen%%' => '() {  if [ -e \"$@\" ]; then
 c9 \"$@\";
 return;
 fi;
 command xdg-open \"$@\"
}'
    '_' => '/usr/bin/php'
    'PHP_SELF' => 'yii'
    'SCRIPT_NAME' => 'yii'
    'SCRIPT_FILENAME' => 'yii'
    'PATH_TRANSLATED' => 'yii'
    'DOCUMENT_ROOT' => ''
    'REQUEST_TIME_FLOAT' => 1516128055.8508
    'REQUEST_TIME' => 1516128055
    'argv' => [
        0 => 'yii'
        1 => 'migrate'
    ]
    'argc' => 2
]
